kotlin version: 2.2.21
error message: org.jetbrains.kotlin.backend.common.CompilationException: Back-end: Please report this problem https://kotl.in/issue
/Users/sandeeppurwar/IdeaProjects/bryte/server/src/main/kotlin/dev/pranav/bryte/server/models/Session.kt:6:1
Problem with `@Serializable
data class Session {
  constructor(id: String = "", documentId: String, userId: String, difficulty: String, createdAt: String = "", updatedAt: String = "", totalQuestions: Int = 0, correctCount: Int = 0, incorrectCount: Int = 0, stats: Map<*, *> = emptyMap<Any, Any>()) /* primary */ {
    super/*Any*/()
    /* <init>() */

  }

  val id: String
    field = id
    get

  @SerialName(value = "document_id")
  val documentId: String
    field = documentId
    get

  @SerialName(value = "user_id")
  val userId: String
    field = userId
    get

  val difficulty: String
    field = difficulty
    get

  @SerialName(value = "created_at")
  val createdAt: String
    field = createdAt
    get

  @SerialName(value = "updated_at")
  val updatedAt: String
    field = updatedAt
    get

  @SerialName(value = "total_questions")
  val totalQuestions: Int
    field = totalQuestions
    get

  @SerialName(value = "correct_count")
  val correctCount: Int
    field = correctCount
    get

  @SerialName(value = "incorrect_count")
  val incorrectCount: Int
    field = incorrectCount
    get

  val stats: Map<*, *>
    field = stats
    get

  companion object Companion {
    private constructor() /* primary */ {
      super/*Any*/()
      /* <init>() */

    }

    fun serializer(): KSerializer<Session>

    /* fake */ override operator fun equals(other: Any?): Boolean

    /* fake */ override fun hashCode(): Int

    /* fake */ override fun toString(): String

  }

  @Deprecated(message = "This synthesized declaration should not be used directly", level = DeprecationLevel.HIDDEN)
  object $serializer : GeneratedSerializer<Session> {
    private constructor() /* primary */ {
      super/*Any*/()
      /* <init>() */

    }

    override fun serialize(encoder: Encoder, value: Session)

    override fun deserialize(decoder: Decoder): Session

    override val descriptor: SerialDescriptor
      override get

    override fun childSerializers(): Array<KSerializer<*>>

    /* fake */ override fun typeParametersSerializers(): Array<KSerializer<*>>

    /* fake */ override operator fun equals(other: Any?): Boolean

    /* fake */ override fun hashCode(): Int

    /* fake */ override fun toString(): String

  }

  operator fun component1(): String {
    return <this>.#id
  }

  operator fun component2(): String {
    return <this>.#documentId
  }

  operator fun component3(): String {
    return <this>.#userId
  }

  operator fun component4(): String {
    return <this>.#difficulty
  }

  operator fun component5(): String {
    return <this>.#createdAt
  }

  operator fun component6(): String {
    return <this>.#updatedAt
  }

  operator fun component7(): Int {
    return <this>.#totalQuestions
  }

  operator fun component8(): Int {
    return <this>.#correctCount
  }

  operator fun component9(): Int {
    return <this>.#incorrectCount
  }

  operator fun component10(): Map<*, *> {
    return <this>.#stats
  }

  fun copy(id: String = <this>.#id, documentId: String = <this>.#documentId, userId: String = <this>.#userId, difficulty: String = <this>.#difficulty, createdAt: String = <this>.#createdAt, updatedAt: String = <this>.#updatedAt, totalQuestions: Int = <this>.#totalQuestions, correctCount: Int = <this>.#correctCount, incorrectCount: Int = <this>.#incorrectCount, stats: Map<*, *> = <this>.#stats): Session {
    return Session(id = id, documentId = documentId, userId = userId, difficulty = difficulty, createdAt = createdAt, updatedAt = updatedAt, totalQuestions = totalQuestions, correctCount = correctCount, incorrectCount = incorrectCount, stats = stats)
  }

  override fun toString(): String {
    return "Session(" + "id=" + <this>.#id + ", " + "documentId=" + <this>.#documentId + ", " + "userId=" + <this>.#userId + ", " + "difficulty=" + <this>.#difficulty + ", " + "createdAt=" + <this>.#createdAt + ", " + "updatedAt=" + <this>.#updatedAt + ", " + "totalQuestions=" + <this>.#totalQuestions + ", " + "correctCount=" + <this>.#correctCount + ", " + "incorrectCount=" + <this>.#incorrectCount + ", " + "stats=" + <this>.#stats + ")"
  }

  override fun hashCode(): Int {
    var result: Int = <this>.#id.hashCode()
    result = result.times(other = 31).plus(other = <this>.#documentId.hashCode())
    result = result.times(other = 31).plus(other = <this>.#userId.hashCode())
    result = result.times(other = 31).plus(other = <this>.#difficulty.hashCode())
    result = result.times(other = 31).plus(other = <this>.#createdAt.hashCode())
    result = result.times(other = 31).plus(other = <this>.#updatedAt.hashCode())
    result = result.times(other = 31).plus(other = <this>.#totalQuestions.hashCode())
    result = result.times(other = 31).plus(other = <this>.#correctCount.hashCode())
    result = result.times(other = 31).plus(other = <this>.#incorrectCount.hashCode())
    result = result.times(other = 31).plus(other = <this>.#stats.hashCode())
    return result
  }

  override operator fun equals(other: Any?): Boolean {
    when {
      EQEQEQ(arg0 = <this>, arg1 = other) -> return true
    }
    when {
      other !is Session -> return false
    }
    val tmp0_other_with_cast: Session = other /*as Session */
    when {
      EQEQ(arg0 = <this>.#id, arg1 = tmp0_other_with_cast.#id).not() -> return false
    }
    when {
      EQEQ(arg0 = <this>.#documentId, arg1 = tmp0_other_with_cast.#documentId).not() -> return false
    }
    when {
      EQEQ(arg0 = <this>.#userId, arg1 = tmp0_other_with_cast.#userId).not() -> return false
    }
    when {
      EQEQ(arg0 = <this>.#difficulty, arg1 = tmp0_other_with_cast.#difficulty).not() -> return false
    }
    when {
      EQEQ(arg0 = <this>.#createdAt, arg1 = tmp0_other_with_cast.#createdAt).not() -> return false
    }
    when {
      EQEQ(arg0 = <this>.#updatedAt, arg1 = tmp0_other_with_cast.#updatedAt).not() -> return false
    }
    when {
      EQEQ(arg0 = <this>.#totalQuestions, arg1 = tmp0_other_with_cast.#totalQuestions).not() -> return false
    }
    when {
      EQEQ(arg0 = <this>.#correctCount, arg1 = tmp0_other_with_cast.#correctCount).not() -> return false
    }
    when {
      EQEQ(arg0 = <this>.#incorrectCount, arg1 = tmp0_other_with_cast.#incorrectCount).not() -> return false
    }
    when {
      EQEQ(arg0 = <this>.#stats, arg1 = tmp0_other_with_cast.#stats).not() -> return false
    }
    return true
  }

  @JvmStatic
  internal /* static */ fun write$Self(self: Session, output: CompositeEncoder, serialDesc: SerialDescriptor)

  internal constructor(seen0: Int, id: String?, documentId: String?, userId: String?, difficulty: String?, createdAt: String?, updatedAt: String?, totalQuestions: Int, correctCount: Int, incorrectCount: Int, stats: Map<*, *>?, serializationConstructorMarker: SerializationConstructorMarker?) {
    when {
      EQEQ(arg0 = 14, arg1 = 14.and(other = seen0)).not() -> throwMissingFieldException(seen = seen0, goldenMask = 14, descriptor = $serializer.<get-descriptor>())
    }
    super/*Any*/()
    when {
      EQEQ(arg0 = 0, arg1 = seen0.and(other = 1)) -> <this>.#id = ""
      else -> <this>.#id = id
    }
    <this>.#documentId = documentId
    <this>.#userId = userId
    <this>.#difficulty = difficulty
    when {
      EQEQ(arg0 = 0, arg1 = seen0.and(other = 16)) -> <this>.#createdAt = ""
      else -> <this>.#createdAt = createdAt
    }
    when {
      EQEQ(arg0 = 0, arg1 = seen0.and(other = 32)) -> <this>.#updatedAt = ""
      else -> <this>.#updatedAt = updatedAt
    }
    when {
      EQEQ(arg0 = 0, arg1 = seen0.and(other = 64)) -> <this>.#totalQuestions = 0
      else -> <this>.#totalQuestions = totalQuestions
    }
    when {
      EQEQ(arg0 = 0, arg1 = seen0.and(other = 128)) -> <this>.#correctCount = 0
      else -> <this>.#correctCount = correctCount
    }
    when {
      EQEQ(arg0 = 0, arg1 = seen0.and(other = 256)) -> <this>.#incorrectCount = 0
      else -> <this>.#incorrectCount = incorrectCount
    }
    when {
      EQEQ(arg0 = 0, arg1 = seen0.and(other = 512)) -> <this>.#stats = emptyMap<Any, Any>()
      else -> <this>.#stats = stats
    }
  }

}

`
Details: kotlinx.serialization compiler plugin internal error: unable to transform declaration, see cause
	at org.jetbrains.kotlinx.serialization.compiler.extensions.SerializerClassLowering.lower(SerializationLoweringExtension.kt:233)
	at org.jetbrains.kotlinx.serialization.compiler.extensions.SerializationLoweringExtensionKt$runOnFileInOrder$1.visitClass(SerializationLoweringExtension.kt:46)
	at org.jetbrains.kotlin.ir.visitors.IrVisitorVoid.visitClass(IrVisitorVoid.kt:44)
	at org.jetbrains.kotlin.ir.visitors.IrVisitorVoid.visitClass(IrVisitorVoid.kt:18)
	at org.jetbrains.kotlin.ir.declarations.IrClass.accept(IrClass.kt:72)
	at org.jetbrains.kotlin.ir.declarations.IrPackageFragment.acceptChildren(IrPackageFragment.kt:27)
	at org.jetbrains.kotlin.ir.visitors.IrVisitorsKt.acceptChildrenVoid(IrVisitors.kt:23)
	at org.jetbrains.kotlinx.serialization.compiler.extensions.SerializationLoweringExtensionKt$runOnFileInOrder$1.visitElement(SerializationLoweringExtension.kt:42)
	at org.jetbrains.kotlin.ir.visitors.IrVisitorVoid.visitPackageFragment(IrVisitorVoid.kt:168)
	at org.jetbrains.kotlin.ir.visitors.IrVisitorVoid.visitFile(IrVisitorVoid.kt:184)
	at org.jetbrains.kotlin.ir.visitors.IrVisitorVoid.visitFile(IrVisitorVoid.kt:180)
	at org.jetbrains.kotlin.ir.visitors.IrVisitorVoid.visitFile(IrVisitorVoid.kt:18)
	at org.jetbrains.kotlin.ir.declarations.IrFile.accept(IrFile.kt:27)
	at org.jetbrains.kotlin.ir.visitors.IrVisitorsKt.acceptVoid(IrVisitors.kt:11)
	at org.jetbrains.kotlinx.serialization.compiler.extensions.SerializationLoweringExtensionKt.runOnFileInOrder(SerializationLoweringExtension.kt:40)
	at org.jetbrains.kotlinx.serialization.compiler.extensions.SerializationLoweringExtension.generate(SerializationLoweringExtension.kt:197)
	at org.jetbrains.kotlin.fir.pipeline.ConvertToIrKt.applyIrGenerationExtensions(convertToIr.kt:498)
	at org.jetbrains.kotlin.fir.pipeline.Fir2IrPipeline.runActualizationPipeline(convertToIr.kt:253)
	at org.jetbrains.kotlin.fir.pipeline.Fir2IrPipeline.convertToIrAndActualize(convertToIr.kt:134)
	at org.jetbrains.kotlin.fir.pipeline.ConvertToIrKt.convertToIrAndActualize(convertToIr.kt:100)
	at org.jetbrains.kotlin.fir.pipeline.ConvertToIrKt.convertToIrAndActualize$default(convertToIr.kt:73)
	at org.jetbrains.kotlin.cli.jvm.compiler.legacy.pipeline.JvmCompilerPipelineKt.convertToIrAndActualizeForJvm(jvmCompilerPipeline.kt:101)
	at org.jetbrains.kotlin.cli.pipeline.jvm.JvmFir2IrPipelinePhase.executePhase(JvmFir2IrPipelinePhase.kt:30)
	at org.jetbrains.kotlin.cli.pipeline.jvm.JvmFir2IrPipelinePhase.executePhase(JvmFir2IrPipelinePhase.kt:25)
	at org.jetbrains.kotlin.cli.pipeline.jvm.JvmFir2IrPipelinePhase.executePhase(JvmFir2IrPipelinePhase.kt:19)
	at org.jetbrains.kotlin.cli.pipeline.PipelinePhase.phaseBody(PipelinePhase.kt:68)
	at org.jetbrains.kotlin.cli.pipeline.PipelinePhase.phaseBody(PipelinePhase.kt:58)
	at org.jetbrains.kotlin.config.phaser.NamedCompilerPhase.invoke(CompilerPhase.kt:102)
	at org.jetbrains.kotlin.backend.common.phaser.CompositePhase.invoke(PhaseBuilders.kt:22)
	at org.jetbrains.kotlin.config.phaser.CompilerPhaseKt.invokeToplevel(CompilerPhase.kt:53)
	at org.jetbrains.kotlin.cli.pipeline.AbstractCliPipeline.runPhasedPipeline(AbstractCliPipeline.kt:109)
	at org.jetbrains.kotlin.cli.pipeline.AbstractCliPipeline.execute(AbstractCliPipeline.kt:68)
	at org.jetbrains.kotlin.cli.jvm.K2JVMCompiler.doExecutePhased(K2JVMCompiler.kt:79)
	at org.jetbrains.kotlin.cli.jvm.K2JVMCompiler.doExecutePhased(K2JVMCompiler.kt:45)
	at org.jetbrains.kotlin.cli.common.CLICompiler.execImpl(CLICompiler.kt:90)
	at org.jetbrains.kotlin.cli.common.CLICompiler.exec(CLICompiler.kt:352)
	at org.jetbrains.kotlin.incremental.IncrementalJvmCompilerRunnerBase.runCompiler(IncrementalJvmCompilerRunnerBase.kt:176)
	at org.jetbrains.kotlin.incremental.IncrementalJvmCompilerRunnerBase.runCompiler(IncrementalJvmCompilerRunnerBase.kt:39)
	at org.jetbrains.kotlin.incremental.IncrementalCompilerRunner.doCompile(IncrementalCompilerRunner.kt:499)
	at org.jetbrains.kotlin.incremental.IncrementalCompilerRunner.compileImpl(IncrementalCompilerRunner.kt:416)
	at org.jetbrains.kotlin.incremental.IncrementalCompilerRunner.tryCompileIncrementally$lambda$0$compile(IncrementalCompilerRunner.kt:249)
	at org.jetbrains.kotlin.incremental.IncrementalCompilerRunner.tryCompileIncrementally(IncrementalCompilerRunner.kt:267)
	at org.jetbrains.kotlin.incremental.IncrementalCompilerRunner.compile(IncrementalCompilerRunner.kt:119)
	at org.jetbrains.kotlin.daemon.CompileServiceImplBase.execIncrementalCompiler(CompileServiceImpl.kt:684)
	at org.jetbrains.kotlin.daemon.CompileServiceImplBase.access$execIncrementalCompiler(CompileServiceImpl.kt:94)
	at org.jetbrains.kotlin.daemon.CompileServiceImpl.compile(CompileServiceImpl.kt:1810)
	at java.base/jdk.internal.reflect.NativeMethodAccessorImpl.invoke0(Native Method)
	at java.base/jdk.internal.reflect.NativeMethodAccessorImpl.invoke(NativeMethodAccessorImpl.java:77)
	at java.base/jdk.internal.reflect.DelegatingMethodAccessorImpl.invoke(DelegatingMethodAccessorImpl.java:43)
	at java.base/java.lang.reflect.Method.invoke(Method.java:569)
	at java.rmi/sun.rmi.server.UnicastServerRef.dispatch(UnicastServerRef.java:360)
	at java.rmi/sun.rmi.transport.Transport$1.run(Transport.java:200)
	at java.rmi/sun.rmi.transport.Transport$1.run(Transport.java:197)
	at java.base/java.security.AccessController.doPrivileged(AccessController.java:712)
	at java.rmi/sun.rmi.transport.Transport.serviceCall(Transport.java:196)
	at java.rmi/sun.rmi.transport.tcp.TCPTransport.handleMessages(TCPTransport.java:587)
	at java.rmi/sun.rmi.transport.tcp.TCPTransport$ConnectionHandler.run0(TCPTransport.java:828)
	at java.rmi/sun.rmi.transport.tcp.TCPTransport$ConnectionHandler.lambda$run$0(TCPTransport.java:705)
	at java.base/java.security.AccessController.doPrivileged(AccessController.java:399)
	at java.rmi/sun.rmi.transport.tcp.TCPTransport$ConnectionHandler.run(TCPTransport.java:704)
	at java.base/java.util.concurrent.ThreadPoolExecutor.runWorker(ThreadPoolExecutor.java:1136)
	at java.base/java.util.concurrent.ThreadPoolExecutor$Worker.run(ThreadPoolExecutor.java:635)
	at java.base/java.lang.Thread.run(Thread.java:840)
Caused by: java.lang.IllegalStateException: Serializer for element of type kotlin.Any? has not been found
	at org.jetbrains.kotlinx.serialization.compiler.backend.ir.SerializerSearchUtilKt.findTypeSerializerOrContext(SerializerSearchUtil.kt:85)
	at org.jetbrains.kotlinx.serialization.compiler.backend.ir.BaseIrGenerator.serializerInstance(BaseIrGenerator.kt:806)
	at org.jetbrains.kotlinx.serialization.compiler.backend.ir.BaseIrGenerator.formEncodeDecodePropertyCall(BaseIrGenerator.kt:273)
	at org.jetbrains.kotlinx.serialization.compiler.backend.ir.BaseIrGenerator.formEncodeDecodePropertyCall$default(BaseIrGenerator.kt:263)
	at org.jetbrains.kotlinx.serialization.compiler.backend.ir.BaseIrGenerator.serializeAllProperties(BaseIrGenerator.kt:211)
	at org.jetbrains.kotlinx.serialization.compiler.backend.ir.SerializableIrGenerator.generateWriteSelfMethod$lambda$0(SerializableIrGenerator.kt:368)
	at org.jetbrains.kotlinx.serialization.compiler.backend.ir.IrBuilderWithPluginContext.addFunctionBody(IrBuilderWithPluginContext.kt:50)
	at org.jetbrains.kotlinx.serialization.compiler.backend.ir.SerializableIrGenerator.generateWriteSelfMethod(SerializableIrGenerator.kt:308)
	at org.jetbrains.kotlinx.serialization.compiler.backend.ir.SerializableIrGenerator.generateSyntheticMethods(SerializableIrGenerator.kt:396)
	at org.jetbrains.kotlinx.serialization.compiler.backend.ir.SerializableIrGenerator.generate(SerializableIrGenerator.kt:380)
	at org.jetbrains.kotlinx.serialization.compiler.backend.ir.SerializableIrGenerator$Companion.generate(SerializableIrGenerator.kt:407)
	at org.jetbrains.kotlinx.serialization.compiler.extensions.SerializerClassLowering.lower(SerializationLoweringExtension.kt:149)
	... 62 more


